2024-06-11 09:35:01 [main] INFO  c.e.s.StudentmanagamentApplication - Starting StudentmanagamentApplication using Java 21.0.3 with PID 5780 (D:\StudentManagement-JPA\studentmanagament\bin\main started by vishal.yadav in D:\StudentManagement-JPA\studentmanagament)
2024-06-11 09:35:01 [main] INFO  c.e.s.StudentmanagamentApplication - No active profile set, falling back to 1 default profile: "default"
2024-06-11 09:35:02 [main] INFO  o.s.d.r.c.RepositoryConfigurationDelegate - Bootstrapping Spring Data JPA repositories in DEFAULT mode.
2024-06-11 09:35:02 [main] INFO  o.s.d.r.c.RepositoryConfigurationDelegate - Finished Spring Data repository scanning in 96 ms. Found 1 JPA repository interface.
2024-06-11 09:35:03 [main] INFO  o.s.b.w.e.tomcat.TomcatWebServer - Tomcat initialized with port 8080 (http)
2024-06-11 09:35:03 [main] INFO  o.a.coyote.http11.Http11NioProtocol - Initializing ProtocolHandler ["http-nio-8080"]
2024-06-11 09:35:03 [main] INFO  o.a.catalina.core.StandardService - Starting service [Tomcat]
2024-06-11 09:35:03 [main] INFO  o.a.catalina.core.StandardEngine - Starting Servlet engine: [Apache Tomcat/10.1.24]
2024-06-11 09:35:03 [main] INFO  o.a.c.c.C.[Tomcat].[localhost].[/] - Initializing Spring embedded WebApplicationContext
2024-06-11 09:35:03 [main] INFO  o.s.b.w.s.c.ServletWebServerApplicationContext - Root WebApplicationContext: initialization completed in 2413 ms
2024-06-11 09:35:03 [main] INFO  o.h.jpa.internal.util.LogHelper - HHH000204: Processing PersistenceUnitInfo [name: default]
2024-06-11 09:35:04 [main] INFO  org.hibernate.Version - HHH000412: Hibernate ORM core version 6.5.2.Final
2024-06-11 09:35:04 [main] INFO  o.h.c.i.RegionFactoryInitiator - HHH000026: Second-level cache disabled
2024-06-11 09:35:04 [main] INFO  o.s.o.j.p.SpringPersistenceUnitInfo - No LoadTimeWeaver setup: ignoring JPA class transformer
2024-06-11 09:35:04 [main] INFO  com.zaxxer.hikari.HikariDataSource - HikariPool-1 - Starting...
2024-06-11 09:35:04 [main] INFO  com.zaxxer.hikari.pool.HikariPool - HikariPool-1 - Added connection org.postgresql.jdbc.PgConnection@4afcae7
2024-06-11 09:35:04 [main] INFO  com.zaxxer.hikari.HikariDataSource - HikariPool-1 - Start completed.
2024-06-11 09:35:06 [main] INFO  o.h.e.t.j.p.i.JtaPlatformInitiator - HHH000489: No JTA platform available (set 'hibernate.transaction.jta.platform' to enable JTA platform integration)
2024-06-11 09:35:06 [main] INFO  o.s.o.j.LocalContainerEntityManagerFactoryBean - Initialized JPA EntityManagerFactory for persistence unit 'default'
2024-06-11 09:35:07 [main] WARN  o.s.b.a.o.j.JpaBaseConfiguration$JpaWebConfiguration - spring.jpa.open-in-view is enabled by default. Therefore, database queries may be performed during view rendering. Explicitly configure spring.jpa.open-in-view to disable this warning
2024-06-11 09:35:07 [main] INFO  o.a.coyote.http11.Http11NioProtocol - Starting ProtocolHandler ["http-nio-8080"]
2024-06-11 09:35:07 [main] INFO  o.s.b.w.e.tomcat.TomcatWebServer - Tomcat started on port 8080 (http) with context path '/'
2024-06-11 09:35:07 [main] INFO  c.e.s.StudentmanagamentApplication - Started StudentmanagamentApplication in 7.356 seconds (process running for 8.205)
2024-06-11 10:36:51 [HikariPool-1 housekeeper] WARN  com.zaxxer.hikari.pool.HikariPool - HikariPool-1 - Thread starvation or clock leap detected (housekeeper delta=43m16s75ms150µs400ns).
2024-06-11 12:35:33 [main] INFO  c.e.s.StudentmanagamentApplication - Starting StudentmanagamentApplication using Java 21.0.3 with PID 16608 (D:\StudentManagement-JPA\studentmanagament\bin\main started by vishal.yadav in D:\StudentManagement-JPA\studentmanagament)
2024-06-11 12:35:33 [main] INFO  c.e.s.StudentmanagamentApplication - No active profile set, falling back to 1 default profile: "default"
2024-06-11 12:35:35 [main] INFO  o.s.d.r.c.RepositoryConfigurationDelegate - Bootstrapping Spring Data JPA repositories in DEFAULT mode.
2024-06-11 12:35:35 [main] INFO  o.s.d.r.c.RepositoryConfigurationDelegate - Finished Spring Data repository scanning in 81 ms. Found 1 JPA repository interface.
2024-06-11 12:35:35 [main] INFO  o.s.b.w.e.tomcat.TomcatWebServer - Tomcat initialized with port 8080 (http)
2024-06-11 12:35:35 [main] INFO  o.a.coyote.http11.Http11NioProtocol - Initializing ProtocolHandler ["http-nio-8080"]
2024-06-11 12:35:35 [main] INFO  o.a.catalina.core.StandardService - Starting service [Tomcat]
2024-06-11 12:35:35 [main] INFO  o.a.catalina.core.StandardEngine - Starting Servlet engine: [Apache Tomcat/10.1.24]
2024-06-11 12:35:36 [main] INFO  o.a.c.c.C.[Tomcat].[localhost].[/] - Initializing Spring embedded WebApplicationContext
2024-06-11 12:35:36 [main] INFO  o.s.b.w.s.c.ServletWebServerApplicationContext - Root WebApplicationContext: initialization completed in 2402 ms
2024-06-11 12:35:36 [main] INFO  o.h.jpa.internal.util.LogHelper - HHH000204: Processing PersistenceUnitInfo [name: default]
2024-06-11 12:35:36 [main] INFO  org.hibernate.Version - HHH000412: Hibernate ORM core version 6.5.2.Final
2024-06-11 12:35:36 [main] INFO  o.h.c.i.RegionFactoryInitiator - HHH000026: Second-level cache disabled
2024-06-11 12:35:37 [main] INFO  o.s.o.j.p.SpringPersistenceUnitInfo - No LoadTimeWeaver setup: ignoring JPA class transformer
2024-06-11 12:35:37 [main] INFO  com.zaxxer.hikari.HikariDataSource - HikariPool-1 - Starting...
2024-06-11 12:35:37 [main] INFO  com.zaxxer.hikari.pool.HikariPool - HikariPool-1 - Added connection org.postgresql.jdbc.PgConnection@134d7ffa
2024-06-11 12:35:37 [main] INFO  com.zaxxer.hikari.HikariDataSource - HikariPool-1 - Start completed.
2024-06-11 12:35:38 [main] INFO  o.h.e.t.j.p.i.JtaPlatformInitiator - HHH000489: No JTA platform available (set 'hibernate.transaction.jta.platform' to enable JTA platform integration)
2024-06-11 12:35:38 [main] INFO  o.s.o.j.LocalContainerEntityManagerFactoryBean - Initialized JPA EntityManagerFactory for persistence unit 'default'
2024-06-11 12:35:39 [main] WARN  o.s.b.a.o.j.JpaBaseConfiguration$JpaWebConfiguration - spring.jpa.open-in-view is enabled by default. Therefore, database queries may be performed during view rendering. Explicitly configure spring.jpa.open-in-view to disable this warning
2024-06-11 12:35:40 [main] INFO  o.a.coyote.http11.Http11NioProtocol - Starting ProtocolHandler ["http-nio-8080"]
2024-06-11 12:35:40 [main] INFO  o.s.b.w.e.tomcat.TomcatWebServer - Tomcat started on port 8080 (http) with context path '/'
2024-06-11 12:35:40 [main] INFO  c.e.s.StudentmanagamentApplication - Started StudentmanagamentApplication in 7.58 seconds (process running for 8.444)
2024-06-11 12:38:33 [http-nio-8080-exec-2] INFO  o.a.c.c.C.[Tomcat].[localhost].[/] - Initializing Spring DispatcherServlet 'dispatcherServlet'
2024-06-11 12:38:33 [http-nio-8080-exec-2] INFO  o.s.web.servlet.DispatcherServlet - Initializing Servlet 'dispatcherServlet'
2024-06-11 12:38:33 [http-nio-8080-exec-2] INFO  o.s.web.servlet.DispatcherServlet - Completed initialization in 2 ms
2024-06-11 12:38:34 [http-nio-8080-exec-1] INFO  o.s.api.AbstractOpenApiResource - Init duration for springdoc-openapi is: 479 ms
2024-06-11 12:38:43 [http-nio-8080-exec-8] INFO  c.e.s.controller.StudentController - Recieved Request for fetch all data
2024-06-11 12:38:43 [http-nio-8080-exec-8] INFO  c.e.s.service.StudentServiceimpl - Fetching All Data.....
2024-06-11 12:38:43 [http-nio-8080-exec-8] INFO  c.e.s.service.StudentServiceimpl - Fetch All Data
2024-06-11 12:38:43 [http-nio-8080-exec-8] INFO  c.e.s.controller.StudentController - Fetch All Data successfully...
